Arguments: 
  /usr/local/node/bin/node /usr/share/yarn/bin/yarn.js publish

PATH: 
  /usr/local/node/bin:/home/keelii/bin:/home/keelii/.local/bin:/home/keelii/bin:/home/keelii/.local/bin:/usr/local/sbin:/usr/local/bin:/usr/sbin:/usr/bin:/sbin:/bin:/usr/games:/usr/local/games:/snap/bin

Yarn version: 
  0.27.5

Node version: 
  6.11.0

Platform: 
  linux x64

npm manifest: 
  {
    "name": "wooo",
    "version": "0.0.34",
    "author": "keelii <keeliizhou@gmail.com>",
    "description": "FE Build tool with easy cli.",
    "license": "MIT",
    "keywords": [
      "build",
      "tools"
    ],
    "main": "index.js",
    "bin": {
      "wo": "index.js"
    },
    "engines": {
      "node": ">=4.0.0"
    },
    "scripts": {
      "cover": "istanbul cover ./node_modules/mocha/bin/_mocha -- -R spec && ./node_modules/.bin/codecov",
      "test": "./node_modules/.bin/mocha ./test/ --timeout 10000 --reporter spec",
      "changelog": "github-changes -o keelii -r wo"
    },
    "repository": {
      "type": "git",
      "url": "https://github.com/keelii/wo.git"
    },
    "bugs": "https://github.com/keelii/wo/issues",
    "dependencies": {
      "async": "^2.0.1",
      "chalk": "^1.1.3",
      "chokidar": "^1.6.0",
      "clean-css": "^3.4.19",
      "fs-extra": "^0.30.0",
      "globby": "^6.0.0",
      "imagemin-pngquant": "^4.2.2",
      "is-glob": "^2.0.1",
      "lodash": "^4.15.0",
      "map-stream": "0.0.6",
      "minimist": "^1.2.0",
      "node-sass": "^3.8.0",
      "nunjucks": "^2.4.2",
      "spritesmith": "^3.1.0",
      "static-http-server": "0.0.5",
      "uglify-js": "^2.6.2",
      "vinyl-fs": "^2.4.3",
      "vinyl-ftp": "^0.5.0"
    },
    "devDependencies": {
      "codecov": "^1.0.1",
      "istanbul": "^0.4.5",
      "mocha": "^3.0.2"
    }
  }

yarn manifest: 
  No manifest

Lockfile: 
  No lockfile

Trace: 
  Error: https://registry.npm.taobao.org/-/user/org.couchdb.user:keelii: conflict
      at Request.params.callback [as _callback] (/usr/share/yarn/lib/yarn-cli.js:58200:18)
      at Request.self.callback (/usr/share/yarn/lib/yarn-cli.js:114242:22)
      at emitTwo (events.js:106:13)
      at Request.emit (events.js:191:7)
      at Request.<anonymous> (/usr/share/yarn/lib/yarn-cli.js:115225:10)
      at emitOne (events.js:96:13)
      at Request.emit (events.js:188:7)
      at IncomingMessage.<anonymous> (/usr/share/yarn/lib/yarn-cli.js:115145:12)
      at IncomingMessage.g (events.js:292:16)
      at emitNone (events.js:91:20)
